# JRE version: OpenJDK Runtime Environment Temurin-21.0.12.1+1 (21.0.12.1+1) (build 21.0.12.1+1-LTS)
# Java VM: OpenJDK 64-Bit Server VM Temurin-21.0.12.1+1 (21.0.12.1+1-LTS, mixed mode, sharing, tiered, compressed oops, compressed class ptrs, parallel gc, windows-amd64)
GC Precious Log:
 CardTable entry size: 512
 CPUs: 8 total, 8 available
 Memory: 7914M
 Large Page Support: Disabled
 NUMA Support: Disabled
 Compressed Oops: Enabled (Zero based)
 Alignments: Space 512K, Generation 512K, Heap 2M
 Heap Min Capacity: 100M
 Heap Initial Capacity: 100M
 Heap Max Capacity: 8G
 Pre-touch: Disabled
 Parallel Workers: 8
Heap:
 PSYoungGen      total 2560K, used 1717K [0x0000000755580000, 0x0000000755900000, 0x0000000800000000)
  eden space 1536K, 61% used [0x0000000755580000,0x000000075566c888,0x0000000755700000)
  from space 1024K, 75% used [0x0000000755800000,0x00000007558c0bd0,0x0000000755900000)
  to   space 1024K, 0% used [0x0000000755700000,0x0000000755700000,0x0000000755800000)
 ParOldGen       total 154624K, used 150036K [0x0000000600000000, 0x0000000609700000, 0x0000000755580000)
  object space 154624K, 97% used [0x0000000600000000,0x0000000609285220,0x0000000609700000)
 Metaspace       used 75170K, committed 76800K, reserved 1179648K
  class space    used 7611K, committed 8320K, reserved 1048576K
GC Heap History (20 events):
Event: 976.119 GC heap before
{Heap before GC invocations=190 (full 4):
 PSYoungGen      total 2560K, used 2336K [0x0000000755580000, 0x0000000755900000, 0x0000000800000000)
  eden space 1536K, 100% used [0x0000000755580000,0x0000000755700000,0x0000000755700000)
  from space 1024K, 78% used [0x0000000755700000,0x00000007557c8250,0x0000000755800000)
  to   space 1024K, 0% used [0x0000000755800000,0x0000000755800000,0x0000000755900000)
 ParOldGen       total 154624K, used 144081K [0x0000000600000000, 0x0000000609700000, 0x0000000755580000)
  object space 154624K, 93% used [0x0000000600000000,0x0000000608cb47a8,0x0000000609700000)
 Metaspace       used 75108K, committed 76736K, reserved 1179648K
  class space    used 7609K, committed 8320K, reserved 1048576K
}
Event: 976.121 GC heap after
{Heap after GC invocations=190 (full 4):
 PSYoungGen      total 2560K, used 640K [0x0000000755580000, 0x0000000755900000, 0x0000000800000000)
  eden space 1536K, 0% used [0x0000000755580000,0x0000000755580000,0x0000000755700000)
  from space 1024K, 62% used [0x0000000755800000,0x00000007558a0020,0x0000000755900000)
  to   space 1024K, 0% used [0x0000000755700000,0x0000000755700000,0x0000000755800000)
 ParOldGen       total 154624K, used 144834K [0x0000000600000000, 0x0000000609700000, 0x0000000755580000)
  object space 154624K, 93% used [0x0000000600000000,0x0000000608d70a08,0x0000000609700000)
 Metaspace       used 75108K, committed 76736K, reserved 1179648K
  class space    used 7609K, committed 8320K, reserved 1048576K
}
Event: 976.216 GC heap before
{Heap before GC invocations=191 (full 4):
 PSYoungGen      total 2560K, used 2176K [0x0000000755580000, 0x0000000755900000, 0x0000000800000000)
  eden space 1536K, 100% used [0x0000000755580000,0x0000000755700000,0x0000000755700000)
  from space 1024K, 62% used [0x0000000755800000,0x00000007558a0020,0x0000000755900000)
  to   space 1024K, 0% used [0x0000000755700000,0x0000000755700000,0x0000000755800000)
 ParOldGen       total 154624K, used 144834K [0x0000000600000000, 0x0000000609700000, 0x0000000755580000)
  object space 154624K, 93% used [0x0000000600000000,0x0000000608d70a08,0x0000000609700000)
 Metaspace       used 75108K, committed 76736K, reserved 1179648K
  class space    used 7609K, committed 8320K, reserved 1048576K
}
Event: 976.220 GC heap after
{Heap after GC invocations=191 (full 4):
 PSYoungGen      total 2560K, used 672K [0x0000000755580000, 0x0000000755900000, 0x0000000800000000)
  eden space 1536K, 0% used [0x0000000755580000,0x0000000755580000,0x0000000755700000)
  from space 1024K, 65% used [0x0000000755700000,0x00000007557a8000,0x0000000755800000)
  to   space 1024K, 0% used [0x0000000755800000,0x0000000755800000,0x0000000755900000)
 ParOldGen       total 154624K, used 145370K [0x0000000600000000, 0x0000000609700000, 0x0000000755580000)
  object space 154624K, 94% used [0x0000000600000000,0x0000000608df6a28,0x0000000609700000)
 Metaspace       used 75108K, committed 76736K, reserved 1179648K
  class space    used 7609K, committed 8320K, reserved 1048576K
}
Event: 976.690 GC heap before
{Heap before GC invocations=192 (full 4):
 PSYoungGen      total 2560K, used 2208K [0x0000000755580000, 0x0000000755900000, 0x0000000800000000)
  eden space 1536K, 100% used [0x0000000755580000,0x0000000755700000,0x0000000755700000)
  from space 1024K, 65% used [0x0000000755700000,0x00000007557a8000,0x0000000755800000)
  to   space 1024K, 0% used [0x0000000755800000,0x0000000755800000,0x0000000755900000)
 ParOldGen       total 154624K, used 145370K [0x0000000600000000, 0x0000000609700000, 0x0000000755580000)
  object space 154624K, 94% used [0x0000000600000000,0x0000000608df6a28,0x0000000609700000)
 Metaspace       used 75108K, committed 76736K, reserved 1179648K
  class space    used 7609K, committed 8320K, reserved 1048576K
}
Event: 976.694 GC heap after
{Heap after GC invocations=192 (full 4):
 PSYoungGen      total 2560K, used 480K [0x0000000755580000, 0x0000000755900000, 0x0000000800000000)
  eden space 1536K, 0% used [0x0000000755580000,0x0000000755580000,0x0000000755700000)
  from space 1024K, 46% used [0x0000000755800000,0x0000000755878000,0x0000000755900000)
  to   space 1024K, 0% used [0x0000000755700000,0x0000000755700000,0x0000000755800000)
 ParOldGen       total 154624K, used 145910K [0x0000000600000000, 0x0000000609700000, 0x0000000755580000)
  object space 154624K, 94% used [0x0000000600000000,0x0000000608e7da38,0x0000000609700000)
 Metaspace       used 75108K, committed 76736K, reserved 1179648K
  class space    used 7609K, committed 8320K, reserved 1048576K
}
Event: 976.717 GC heap before
{Heap before GC invocations=193 (full 4):
 PSYoungGen      total 2560K, used 2016K [0x0000000755580000, 0x0000000755900000, 0x0000000800000000)
  eden space 1536K, 100% used [0x0000000755580000,0x0000000755700000,0x0000000755700000)
  from space 1024K, 46% used [0x0000000755800000,0x0000000755878000,0x0000000755900000)
  to   space 1024K, 0% used [0x0000000755700000,0x0000000755700000,0x0000000755800000)
 ParOldGen       total 154624K, used 145910K [0x0000000600000000, 0x0000000609700000, 0x0000000755580000)
  object space 154624K, 94% used [0x0000000600000000,0x0000000608e7da38,0x0000000609700000)
 Metaspace       used 75109K, committed 76736K, reserved 1179648K
  class space    used 7609K, committed 8320K, reserved 1048576K
}
Event: 976.720 GC heap after
{Heap after GC invocations=193 (full 4):
 PSYoungGen      total 2560K, used 608K [0x0000000755580000, 0x0000000755900000, 0x0000000800000000)
  eden space 1536K, 0% used [0x0000000755580000,0x0000000755580000,0x0000000755700000)
  from space 1024K, 59% used [0x0000000755700000,0x0000000755798000,0x0000000755800000)
  to   space 1024K, 0% used [0x0000000755800000,0x0000000755800000,0x0000000755900000)
 ParOldGen       total 154624K, used 146302K [0x0000000600000000, 0x0000000609700000, 0x0000000755580000)
  object space 154624K, 94% used [0x0000000600000000,0x0000000608edfa38,0x0000000609700000)
 Metaspace       used 75109K, committed 76736K, reserved 1179648K
  class space    used 7609K, committed 8320K, reserved 1048576K
}
Event: 976.913 GC heap before
{Heap before GC invocations=194 (full 4):
 PSYoungGen      total 2560K, used 2144K [0x0000000755580000, 0x0000000755900000, 0x0000000800000000)
  eden space 1536K, 100% used [0x0000000755580000,0x0000000755700000,0x0000000755700000)
  from space 1024K, 59% used [0x0000000755700000,0x0000000755798000,0x0000000755800000)
  to   space 1024K, 0% used [0x0000000755800000,0x0000000755800000,0x0000000755900000)
 ParOldGen       total 154624K, used 146302K [0x0000000600000000, 0x0000000609700000, 0x0000000755580000)
  object space 154624K, 94% used [0x0000000600000000,0x0000000608edfa38,0x0000000609700000)
 Metaspace       used 75118K, committed 76736K, reserved 1179648K
  class space    used 7609K, committed 8320K, reserved 1048576K
}
Event: 976.917 GC heap after
{Heap after GC invocations=194 (full 4):
 PSYoungGen      total 2560K, used 736K [0x0000000755580000, 0x0000000755900000, 0x0000000800000000)
  eden space 1536K, 0% used [0x0000000755580000,0x0000000755580000,0x0000000755700000)
  from space 1024K, 71% used [0x0000000755800000,0x00000007558b8250,0x0000000755900000)
  to   space 1024K, 0% used [0x0000000755700000,0x0000000755700000,0x0000000755800000)
 ParOldGen       total 154624K, used 146726K [0x0000000600000000, 0x0000000609700000, 0x0000000755580000)
  object space 154624K, 94% used [0x0000000600000000,0x0000000608f49ad8,0x0000000609700000)
 Metaspace       used 75118K, committed 76736K, reserved 1179648K
  class space    used 7609K, committed 8320K, reserved 1048576K
}
Event: 977.037 GC heap before
{Heap before GC invocations=195 (full 4):
 PSYoungGen      total 2560K, used 2272K [0x0000000755580000, 0x0000000755900000, 0x0000000800000000)
  eden space 1536K, 100% used [0x0000000755580000,0x0000000755700000,0x0000000755700000)
  from space 1024K, 71% used [0x0000000755800000,0x00000007558b8250,0x0000000755900000)
  to   space 1024K, 0% used [0x0000000755700000,0x0000000755700000,0x0000000755800000)
 ParOldGen       total 154624K, used 146726K [0x0000000600000000, 0x0000000609700000, 0x0000000755580000)
  object space 154624K, 94% used [0x0000000600000000,0x0000000608f49ad8,0x0000000609700000)
 Metaspace       used 75120K, committed 76736K, reserved 1179648K
  class space    used 7609K, committed 8320K, reserved 1048576K
}
Event: 977.044 GC heap after
{Heap after GC invocations=195 (full 4):
 PSYoungGen      total 2560K, used 608K [0x0000000755580000, 0x0000000755900000, 0x0000000800000000)
  eden space 1536K, 0% used [0x0000000755580000,0x0000000755580000,0x0000000755700000)
  from space 1024K, 59% used [0x0000000755700000,0x0000000755798020,0x0000000755800000)
  to   space 1024K, 0% used [0x0000000755800000,0x0000000755800000,0x0000000755900000)
 ParOldGen       total 154624K, used 147358K [0x0000000600000000, 0x0000000609700000, 0x0000000755580000)
  object space 154624K, 95% used [0x0000000600000000,0x0000000608fe78a0,0x0000000609700000)
 Metaspace       used 75120K, committed 76736K, reserved 1179648K
  class space    used 7609K, committed 8320K, reserved 1048576K
}
Event: 977.136 GC heap before
{Heap before GC invocations=196 (full 4):
 PSYoungGen      total 2560K, used 2144K [0x0000000755580000, 0x0000000755900000, 0x0000000800000000)
  eden space 1536K, 100% used [0x0000000755580000,0x0000000755700000,0x0000000755700000)
  from space 1024K, 59% used [0x0000000755700000,0x0000000755798020,0x0000000755800000)
  to   space 1024K, 0% used [0x0000000755800000,0x0000000755800000,0x0000000755900000)
 ParOldGen       total 154624K, used 147358K [0x0000000600000000, 0x0000000609700000, 0x0000000755580000)
  object space 154624K, 95% used [0x0000000600000000,0x0000000608fe78a0,0x0000000609700000)
 Metaspace       used 75129K, committed 76736K, reserved 1179648K
  class space    used 7609K, committed 8320K, reserved 1048576K
}
Event: 977.143 GC heap after
{Heap after GC invocations=196 (full 4):
 PSYoungGen      total 2560K, used 704K [0x0000000755580000, 0x0000000755900000, 0x0000000800000000)
  eden space 1536K, 0% used [0x0000000755580000,0x0000000755580000,0x0000000755700000)
  from space 1024K, 68% used [0x0000000755800000,0x00000007558b0000,0x0000000755900000)
  to   space 1024K, 0% used [0x0000000755700000,0x0000000755700000,0x0000000755800000)
 ParOldGen       total 154624K, used 147942K [0x0000000600000000, 0x0000000609700000, 0x0000000755580000)
  object space 154624K, 95% used [0x0000000600000000,0x00000006090798c0,0x0000000609700000)
 Metaspace       used 75129K, committed 76736K, reserved 1179648K
  class space    used 7609K, committed 8320K, reserved 1048576K
}
Event: 977.607 GC heap before
{Heap before GC invocations=197 (full 4):
 PSYoungGen      total 2560K, used 2240K [0x0000000755580000, 0x0000000755900000, 0x0000000800000000)
  eden space 1536K, 100% used [0x0000000755580000,0x0000000755700000,0x0000000755700000)
  from space 1024K, 68% used [0x0000000755800000,0x00000007558b0000,0x0000000755900000)
  to   space 1024K, 0% used [0x0000000755700000,0x0000000755700000,0x0000000755800000)
 ParOldGen       total 154624K, used 147942K [0x0000000600000000, 0x0000000609700000, 0x0000000755580000)
  object space 154624K, 95% used [0x0000000600000000,0x00000006090798c0,0x0000000609700000)
 Metaspace       used 75144K, committed 76736K, reserved 1179648K
  class space    used 7611K, committed 8320K, reserved 1048576K
}
Event: 977.611 GC heap after
{Heap after GC invocations=197 (full 4):
 PSYoungGen      total 2560K, used 704K [0x0000000755580000, 0x0000000755900000, 0x0000000800000000)
  eden space 1536K, 0% used [0x0000000755580000,0x0000000755580000,0x0000000755700000)
  from space 1024K, 68% used [0x0000000755700000,0x00000007557b0270,0x0000000755800000)
  to   space 1024K, 0% used [0x0000000755800000,0x0000000755800000,0x0000000755900000)
 ParOldGen       total 154624K, used 148494K [0x0000000600000000, 0x0000000609700000, 0x0000000755580000)
  object space 154624K, 96% used [0x0000000600000000,0x00000006091038c0,0x0000000609700000)
 Metaspace       used 75144K, committed 76736K, reserved 1179648K
  class space    used 7611K, committed 8320K, reserved 1048576K
}
Event: 977.772 GC heap before
{Heap before GC invocations=198 (full 4):
 PSYoungGen      total 2560K, used 2240K [0x0000000755580000, 0x0000000755900000, 0x0000000800000000)
  eden space 1536K, 100% used [0x0000000755580000,0x0000000755700000,0x0000000755700000)
  from space 1024K, 68% used [0x0000000755700000,0x00000007557b0270,0x0000000755800000)
  to   space 1024K, 0% used [0x0000000755800000,0x0000000755800000,0x0000000755900000)
 ParOldGen       total 154624K, used 148494K [0x0000000600000000, 0x0000000609700000, 0x0000000755580000)
  object space 154624K, 96% used [0x0000000600000000,0x00000006091038c0,0x0000000609700000)
 Metaspace       used 75156K, committed 76800K, reserved 1179648K
  class space    used 7611K, committed 8320K, reserved 1048576K
}
Event: 977.781 GC heap after
{Heap after GC invocations=198 (full 4):
 PSYoungGen      total 2560K, used 672K [0x0000000755580000, 0x0000000755900000, 0x0000000800000000)
  eden space 1536K, 0% used [0x0000000755580000,0x0000000755580000,0x0000000755700000)
  from space 1024K, 65% used [0x0000000755800000,0x00000007558a8000,0x0000000755900000)
  to   space 1024K, 0% used [0x0000000755700000,0x0000000755700000,0x0000000755800000)
 ParOldGen       total 154624K, used 149093K [0x0000000600000000, 0x0000000609700000, 0x0000000755580000)
  object space 154624K, 96% used [0x0000000600000000,0x0000000609199698,0x0000000609700000)
 Metaspace       used 75156K, committed 76800K, reserved 1179648K
  class space    used 7611K, committed 8320K, reserved 1048576K
}
Event: 977.855 GC heap before
{Heap before GC invocations=199 (full 4):
 PSYoungGen      total 2560K, used 2208K [0x0000000755580000, 0x0000000755900000, 0x0000000800000000)
  eden space 1536K, 100% used [0x0000000755580000,0x0000000755700000,0x0000000755700000)
  from space 1024K, 65% used [0x0000000755800000,0x00000007558a8000,0x0000000755900000)
  to   space 1024K, 0% used [0x0000000755700000,0x0000000755700000,0x0000000755800000)
 ParOldGen       total 154624K, used 149093K [0x0000000600000000, 0x0000000609700000, 0x0000000755580000)
  object space 154624K, 96% used [0x0000000600000000,0x0000000609199698,0x0000000609700000)
 Metaspace       used 75156K, committed 76800K, reserved 1179648K
  class space    used 7611K, committed 8320K, reserved 1048576K
}
Event: 977.895 GC heap after
{Heap after GC invocations=199 (full 4):
 PSYoungGen      total 2560K, used 576K [0x0000000755580000, 0x0000000755900000, 0x0000000800000000)
  eden space 1536K, 0% used [0x0000000755580000,0x0000000755580000,0x0000000755700000)
  from space 1024K, 56% used [0x0000000755700000,0x0000000755790020,0x0000000755800000)
  to   space 1024K, 0% used [0x0000000755800000,0x0000000755800000,0x0000000755900000)
 ParOldGen       total 154624K, used 149612K [0x0000000600000000, 0x0000000609700000, 0x0000000755580000)
  object space 154624K, 96% used [0x0000000600000000,0x000000060921b200,0x0000000609700000)
 Metaspace       used 75156K, committed 76800K, reserved 1179648K
  class space    used 7611K, committed 8320K, reserved 1048576K
}

