# JRE version: OpenJDK Runtime Environment Temurin-21.0.12.1+1 (21.0.12.1+1) (build 21.0.12.1+1-LTS)
# Java VM: OpenJDK 64-Bit Server VM Temurin-21.0.12.1+1 (21.0.12.1+1-LTS, mixed mode, sharing, tiered, compressed oops, compressed class ptrs, parallel gc, windows-amd64)
GC Precious Log:
 CardTable entry size: 512
 CPUs: 8 total, 8 available
 Memory: 7914M
 Large Page Support: Disabled
 NUMA Support: Disabled
 Compressed Oops: Enabled (Zero based)
 Alignments: Space 512K, Generation 512K, Heap 2M
 Heap Min Capacity: 100M
 Heap Initial Capacity: 100M
 Heap Max Capacity: 8G
 Pre-touch: Disabled
 Parallel Workers: 8
Heap:
 PSYoungGen      total 8192K, used 0K [0x0000000755580000, 0x0000000755f80000, 0x0000000800000000)
  eden space 7680K, 0% used [0x0000000755580000,0x0000000755580000,0x0000000755d00000)
  from space 512K, 0% used [0x0000000755d00000,0x0000000755d00000,0x0000000755d80000)
  to   space 512K, 0% used [0x0000000755f00000,0x0000000755f00000,0x0000000755f80000)
 ParOldGen       total 128000K, used 100615K [0x0000000600000000, 0x0000000755580000, 0x0000000755580000)
  object space 128000K, 78% used [0x0000000600000000,0x0000000606241d78,0x0000000607d00000)
 Metaspace       used 80590K, committed 82112K, reserved 1179648K
  class space    used 8120K, committed 8832K, reserved 1048576K
GC Heap History (20 events):
Event: 3958.394 GC heap before
{Heap before GC invocations=1737 (full 5):
 PSYoungGen      total 5632K, used 4069K [0x0000000755580000, 0x0000000755c00000, 0x0000000800000000)
  eden space 3584K, 100% used [0x0000000755580000,0x0000000755900000,0x0000000755900000)
  from space 2048K, 23% used [0x0000000755900000,0x00000007559796d0,0x0000000755b00000)
  to   space 1024K, 0% used [0x0000000755b00000,0x0000000755b00000,0x0000000755c00000)
 ParOldGen       total 696320K, used 589454K [0x0000000600000000, 0x000000062a800000, 0x0000000755580000)
  object space 696320K, 84% used [0x0000000600000000,0x0000000623fa38e0,0x000000062a800000)
 Metaspace       used 80583K, committed 82112K, reserved 1179648K
  class space    used 8120K, committed 8832K, reserved 1048576K
}
Event: 3958.398 GC heap after
{Heap after GC invocations=1737 (full 5):
 PSYoungGen      total 4608K, used 945K [0x0000000755580000, 0x0000000755c00000, 0x0000000800000000)
  eden space 3584K, 0% used [0x0000000755580000,0x0000000755580000,0x0000000755900000)
  from space 1024K, 92% used [0x0000000755b00000,0x0000000755bec4b0,0x0000000755c00000)
  to   space 1536K, 0% used [0x0000000755900000,0x0000000755900000,0x0000000755a80000)
 ParOldGen       total 696320K, used 589714K [0x0000000600000000, 0x000000062a800000, 0x0000000755580000)
  object space 696320K, 84% used [0x0000000600000000,0x0000000623fe4b10,0x000000062a800000)
 Metaspace       used 80583K, committed 82112K, reserved 1179648K
  class space    used 8120K, committed 8832K, reserved 1048576K
}
Event: 3958.417 GC heap before
{Heap before GC invocations=1738 (full 5):
 PSYoungGen      total 4608K, used 4529K [0x0000000755580000, 0x0000000755c00000, 0x0000000800000000)
  eden space 3584K, 100% used [0x0000000755580000,0x0000000755900000,0x0000000755900000)
  from space 1024K, 92% used [0x0000000755b00000,0x0000000755bec4b0,0x0000000755c00000)
  to   space 1536K, 0% used [0x0000000755900000,0x0000000755900000,0x0000000755a80000)
 ParOldGen       total 696320K, used 589714K [0x0000000600000000, 0x000000062a800000, 0x0000000755580000)
  object space 696320K, 84% used [0x0000000600000000,0x0000000623fe4b10,0x000000062a800000)
 Metaspace       used 80583K, committed 82112K, reserved 1179648K
  class space    used 8120K, committed 8832K, reserved 1048576K
}
Event: 3958.427 GC heap after
{Heap after GC invocations=1738 (full 5):
 PSYoungGen      total 5120K, used 1504K [0x0000000755580000, 0x0000000755e00000, 0x0000000800000000)
  eden space 3584K, 0% used [0x0000000755580000,0x0000000755580000,0x0000000755900000)
  from space 1536K, 97% used [0x0000000755900000,0x0000000755a78040,0x0000000755a80000)
  to   space 2048K, 0% used [0x0000000755c00000,0x0000000755c00000,0x0000000755e00000)
 ParOldGen       total 696320K, used 590677K [0x0000000600000000, 0x000000062a800000, 0x0000000755580000)
  object space 696320K, 84% used [0x0000000600000000,0x00000006240d5430,0x000000062a800000)
 Metaspace       used 80583K, committed 82112K, reserved 1179648K
  class space    used 8120K, committed 8832K, reserved 1048576K
}
Event: 3958.475 GC heap before
{Heap before GC invocations=1739 (full 5):
 PSYoungGen      total 5120K, used 5087K [0x0000000755580000, 0x0000000755e00000, 0x0000000800000000)
  eden space 3584K, 99% used [0x0000000755580000,0x00000007558ffce8,0x0000000755900000)
  from space 1536K, 97% used [0x0000000755900000,0x0000000755a78040,0x0000000755a80000)
  to   space 2048K, 0% used [0x0000000755c00000,0x0000000755c00000,0x0000000755e00000)
 ParOldGen       total 696320K, used 590677K [0x0000000600000000, 0x000000062a800000, 0x0000000755580000)
  object space 696320K, 84% used [0x0000000600000000,0x00000006240d5430,0x000000062a800000)
 Metaspace       used 80590K, committed 82112K, reserved 1179648K
  class space    used 8120K, committed 8832K, reserved 1048576K
}
Event: 3958.487 GC heap after
{Heap after GC invocations=1739 (full 5):
 PSYoungGen      total 6144K, used 2001K [0x0000000755580000, 0x0000000755f00000, 0x0000000800000000)
  eden space 4096K, 0% used [0x0000000755580000,0x0000000755580000,0x0000000755980000)
  from space 2048K, 97% used [0x0000000755c00000,0x0000000755df4438,0x0000000755e00000)
  to   space 2560K, 0% used [0x0000000755980000,0x0000000755980000,0x0000000755c00000)
 ParOldGen       total 696320K, used 592041K [0x0000000600000000, 0x000000062a800000, 0x0000000755580000)
  object space 696320K, 85% used [0x0000000600000000,0x000000062422a470,0x000000062a800000)
 Metaspace       used 80590K, committed 82112K, reserved 1179648K
  class space    used 8120K, committed 8832K, reserved 1048576K
}
Event: 3958.522 GC heap before
{Heap before GC invocations=1740 (full 5):
 PSYoungGen      total 6144K, used 6097K [0x0000000755580000, 0x0000000755f00000, 0x0000000800000000)
  eden space 4096K, 100% used [0x0000000755580000,0x0000000755980000,0x0000000755980000)
  from space 2048K, 97% used [0x0000000755c00000,0x0000000755df4438,0x0000000755e00000)
  to   space 2560K, 0% used [0x0000000755980000,0x0000000755980000,0x0000000755c00000)
 ParOldGen       total 696320K, used 592041K [0x0000000600000000, 0x000000062a800000, 0x0000000755580000)
  object space 696320K, 85% used [0x0000000600000000,0x000000062422a470,0x000000062a800000)
 Metaspace       used 80590K, committed 82112K, reserved 1179648K
  class space    used 8120K, committed 8832K, reserved 1048576K
}
Event: 3958.535 GC heap after
{Heap after GC invocations=1740 (full 5):
 PSYoungGen      total 6656K, used 1900K [0x0000000755580000, 0x0000000755e80000, 0x0000000800000000)
  eden space 4096K, 0% used [0x0000000755580000,0x0000000755580000,0x0000000755980000)
  from space 2560K, 74% used [0x0000000755980000,0x0000000755b5b120,0x0000000755c00000)
  to   space 2048K, 0% used [0x0000000755c80000,0x0000000755c80000,0x0000000755e80000)
 ParOldGen       total 696320K, used 594001K [0x0000000600000000, 0x000000062a800000, 0x0000000755580000)
  object space 696320K, 85% used [0x0000000600000000,0x0000000624414410,0x000000062a800000)
 Metaspace       used 80590K, committed 82112K, reserved 1179648K
  class space    used 8120K, committed 8832K, reserved 1048576K
}
Event: 3958.605 GC heap before
{Heap before GC invocations=1741 (full 5):
 PSYoungGen      total 6656K, used 5996K [0x0000000755580000, 0x0000000755e80000, 0x0000000800000000)
  eden space 4096K, 100% used [0x0000000755580000,0x0000000755980000,0x0000000755980000)
  from space 2560K, 74% used [0x0000000755980000,0x0000000755b5b120,0x0000000755c00000)
  to   space 2048K, 0% used [0x0000000755c80000,0x0000000755c80000,0x0000000755e80000)
 ParOldGen       total 696320K, used 594001K [0x0000000600000000, 0x000000062a800000, 0x0000000755580000)
  object space 696320K, 85% used [0x0000000600000000,0x0000000624414410,0x000000062a800000)
 Metaspace       used 80590K, committed 82112K, reserved 1179648K
  class space    used 8120K, committed 8832K, reserved 1048576K
}
Event: 3958.619 GC heap after
{Heap after GC invocations=1741 (full 5):
 PSYoungGen      total 6656K, used 1302K [0x0000000755580000, 0x0000000755e00000, 0x0000000800000000)
  eden space 5120K, 0% used [0x0000000755580000,0x0000000755580000,0x0000000755a80000)
  from space 1536K, 84% used [0x0000000755c80000,0x0000000755dc5bf0,0x0000000755e00000)
  to   space 1536K, 0% used [0x0000000755b00000,0x0000000755b00000,0x0000000755c80000)
 ParOldGen       total 696320K, used 595756K [0x0000000600000000, 0x000000062a800000, 0x0000000755580000)
  object space 696320K, 85% used [0x0000000600000000,0x00000006245cb3c8,0x000000062a800000)
 Metaspace       used 80590K, committed 82112K, reserved 1179648K
  class space    used 8120K, committed 8832K, reserved 1048576K
}
Event: 3958.695 GC heap before
{Heap before GC invocations=1742 (full 5):
 PSYoungGen      total 6656K, used 6422K [0x0000000755580000, 0x0000000755e00000, 0x0000000800000000)
  eden space 5120K, 100% used [0x0000000755580000,0x0000000755a80000,0x0000000755a80000)
  from space 1536K, 84% used [0x0000000755c80000,0x0000000755dc5bf0,0x0000000755e00000)
  to   space 1536K, 0% used [0x0000000755b00000,0x0000000755b00000,0x0000000755c80000)
 ParOldGen       total 696320K, used 595756K [0x0000000600000000, 0x000000062a800000, 0x0000000755580000)
  object space 696320K, 85% used [0x0000000600000000,0x00000006245cb3c8,0x000000062a800000)
 Metaspace       used 80590K, committed 82112K, reserved 1179648K
  class space    used 8120K, committed 8832K, reserved 1048576K
}
Event: 3958.708 GC heap after
{Heap after GC invocations=1742 (full 5):
 PSYoungGen      total 6656K, used 1504K [0x0000000755580000, 0x0000000756180000, 0x0000000800000000)
  eden space 5120K, 0% used [0x0000000755580000,0x0000000755580000,0x0000000755a80000)
  from space 1536K, 97% used [0x0000000755b00000,0x0000000755c78040,0x0000000755c80000)
  to   space 3584K, 0% used [0x0000000755e00000,0x0000000755e00000,0x0000000756180000)
 ParOldGen       total 696320K, used 597195K [0x0000000600000000, 0x000000062a800000, 0x0000000755580000)
  object space 696320K, 85% used [0x0000000600000000,0x0000000624732c70,0x000000062a800000)
 Metaspace       used 80590K, committed 82112K, reserved 1179648K
  class space    used 8120K, committed 8832K, reserved 1048576K
}
Event: 3960.078 GC heap before
{Heap before GC invocations=1743 (full 5):
 PSYoungGen      total 6656K, used 6624K [0x0000000755580000, 0x0000000756180000, 0x0000000800000000)
  eden space 5120K, 100% used [0x0000000755580000,0x0000000755a80000,0x0000000755a80000)
  from space 1536K, 97% used [0x0000000755b00000,0x0000000755c78040,0x0000000755c80000)
  to   space 3584K, 0% used [0x0000000755e00000,0x0000000755e00000,0x0000000756180000)
 ParOldGen       total 5592576K, used 597195K [0x0000000600000000, 0x0000000755580000, 0x0000000755580000)
  object space 5592576K, 10% used [0x0000000600000000,0x0000000624732c70,0x0000000755580000)
 Metaspace       used 80590K, committed 82112K, reserved 1179648K
  class space    used 8120K, committed 8832K, reserved 1048576K
}
Event: 3960.112 GC heap after
{Heap after GC invocations=1743 (full 5):
 PSYoungGen      total 6656K, used 1376K [0x0000000755580000, 0x0000000755f80000, 0x0000000800000000)
  eden space 5120K, 0% used [0x0000000755580000,0x0000000755580000,0x0000000755a80000)
  from space 1536K, 89% used [0x0000000755e00000,0x0000000755f58000,0x0000000755f80000)
  to   space 2048K, 0% used [0x0000000755b80000,0x0000000755b80000,0x0000000755d80000)
 ParOldGen       total 5592576K, used 598728K [0x0000000600000000, 0x0000000755580000, 0x0000000755580000)
  object space 5592576K, 10% used [0x0000000600000000,0x00000006248b2008,0x0000000755580000)
 Metaspace       used 80590K, committed 82112K, reserved 1179648K
  class space    used 8120K, committed 8832K, reserved 1048576K
}
Event: 3960.136 GC heap before
{Heap before GC invocations=1744 (full 5):
 PSYoungGen      total 6656K, used 3533K [0x0000000755580000, 0x0000000755f80000, 0x0000000800000000)
  eden space 5120K, 42% used [0x0000000755580000,0x000000075579b600,0x0000000755a80000)
  from space 1536K, 89% used [0x0000000755e00000,0x0000000755f58000,0x0000000755f80000)
  to   space 2048K, 0% used [0x0000000755b80000,0x0000000755b80000,0x0000000755d80000)
 ParOldGen       total 5592576K, used 598728K [0x0000000600000000, 0x0000000755580000, 0x0000000755580000)
  object space 5592576K, 10% used [0x0000000600000000,0x00000006248b2008,0x0000000755580000)
 Metaspace       used 80590K, committed 82112K, reserved 1179648K
  class space    used 8120K, committed 8832K, reserved 1048576K
}
Event: 3960.150 GC heap after
{Heap after GC invocations=1744 (full 5):
 PSYoungGen      total 8192K, used 608K [0x0000000755580000, 0x0000000755e80000, 0x0000000800000000)
  eden space 6144K, 0% used [0x0000000755580000,0x0000000755580000,0x0000000755b80000)
  from space 2048K, 29% used [0x0000000755b80000,0x0000000755c18000,0x0000000755d80000)
  to   space 1024K, 0% used [0x0000000755d80000,0x0000000755d80000,0x0000000755e80000)
 ParOldGen       total 5592576K, used 599980K [0x0000000600000000, 0x0000000755580000, 0x0000000755580000)
  object space 5592576K, 10% used [0x0000000600000000,0x00000006249eb158,0x0000000755580000)
 Metaspace       used 80590K, committed 82112K, reserved 1179648K
  class space    used 8120K, committed 8832K, reserved 1048576K
}
Event: 3960.151 GC heap before
{Heap before GC invocations=1745 (full 5):
 PSYoungGen      total 8192K, used 608K [0x0000000755580000, 0x0000000755e80000, 0x0000000800000000)
  eden space 6144K, 0% used [0x0000000755580000,0x0000000755580000,0x0000000755b80000)
  from space 2048K, 29% used [0x0000000755b80000,0x0000000755c18000,0x0000000755d80000)
  to   space 1024K, 0% used [0x0000000755d80000,0x0000000755d80000,0x0000000755e80000)
 ParOldGen       total 5592576K, used 599980K [0x0000000600000000, 0x0000000755580000, 0x0000000755580000)
  object space 5592576K, 10% used [0x0000000600000000,0x00000006249eb158,0x0000000755580000)
 Metaspace       used 80590K, committed 82112K, reserved 1179648K
  class space    used 8120K, committed 8832K, reserved 1048576K
}
Event: 3960.169 GC heap after
{Heap after GC invocations=1745 (full 5):
 PSYoungGen      total 8192K, used 0K [0x0000000755580000, 0x0000000755e00000, 0x0000000800000000)
  eden space 7680K, 0% used [0x0000000755580000,0x0000000755580000,0x0000000755d00000)
  from space 512K, 0% used [0x0000000755d80000,0x0000000755d80000,0x0000000755e00000)
  to   space 512K, 0% used [0x0000000755d00000,0x0000000755d00000,0x0000000755d80000)
 ParOldGen       total 5592576K, used 600524K [0x0000000600000000, 0x0000000755580000, 0x0000000755580000)
  object space 5592576K, 10% used [0x0000000600000000,0x0000000624a73158,0x0000000755580000)
 Metaspace       used 80590K, committed 82112K, reserved 1179648K
  class space    used 8120K, committed 8832K, reserved 1048576K
}
Event: 3960.169 GC heap before
{Heap before GC invocations=1746 (full 6):
 PSYoungGen      total 8192K, used 0K [0x0000000755580000, 0x0000000755e00000, 0x0000000800000000)
  eden space 7680K, 0% used [0x0000000755580000,0x0000000755580000,0x0000000755d00000)
  from space 512K, 0% used [0x0000000755d80000,0x0000000755d80000,0x0000000755e00000)
  to   space 512K, 0% used [0x0000000755d00000,0x0000000755d00000,0x0000000755d80000)
 ParOldGen       total 5592576K, used 600524K [0x0000000600000000, 0x0000000755580000, 0x0000000755580000)
  object space 5592576K, 10% used [0x0000000600000000,0x0000000624a73158,0x0000000755580000)
 Metaspace       used 80590K, committed 82112K, reserved 1179648K
  class space    used 8120K, committed 8832K, reserved 1048576K
}
Event: 3961.825 GC heap after
{Heap after GC invocations=1746 (full 6):
 PSYoungGen      total 8192K, used 0K [0x0000000755580000, 0x0000000755f80000, 0x0000000800000000)
  eden space 7680K, 0% used [0x0000000755580000,0x0000000755580000,0x0000000755d00000)
  from space 512K, 0% used [0x0000000755d00000,0x0000000755d00000,0x0000000755d80000)
  to   space 512K, 0% used [0x0000000755f00000,0x0000000755f00000,0x0000000755f80000)
 ParOldGen       total 128000K, used 100615K [0x0000000600000000, 0x0000000607d00000, 0x0000000755580000)
  object space 128000K, 78% used [0x0000000600000000,0x0000000606241d78,0x0000000607d00000)
 Metaspace       used 80590K, committed 82112K, reserved 1179648K
  class space    used 8120K, committed 8832K, reserved 1048576K
}

