# JRE version: OpenJDK Runtime Environment Temurin-21.0.12.1+1 (21.0.12.1+1) (build 21.0.12.1+1-LTS)
# Java VM: OpenJDK 64-Bit Server VM Temurin-21.0.12.1+1 (21.0.12.1+1-LTS, mixed mode, sharing, tiered, compressed oops, compressed class ptrs, parallel gc, windows-amd64)
GC Precious Log:
 CardTable entry size: 512
 CPUs: 8 total, 8 available
 Memory: 7914M
 Large Page Support: Disabled
 NUMA Support: Disabled
 Compressed Oops: Enabled (Zero based)
 Alignments: Space 512K, Generation 512K, Heap 2M
 Heap Min Capacity: 100M
 Heap Initial Capacity: 100M
 Heap Max Capacity: 8G
 Pre-touch: Disabled
 Parallel Workers: 8
Heap:
 PSYoungGen      total 3072K, used 0K [0x0000000755580000, 0x0000000755980000, 0x0000000800000000)
  eden space 2560K, 0% used [0x0000000755580000,0x0000000755580000,0x0000000755800000)
  from space 512K, 0% used [0x0000000755880000,0x0000000755880000,0x0000000755900000)
  to   space 512K, 0% used [0x0000000755800000,0x0000000755800000,0x0000000755880000)
 ParOldGen       total 109056K, used 76407K [0x0000000600000000, 0x0000000755580000, 0x0000000755580000)
  object space 109056K, 70% used [0x0000000600000000,0x0000000604a9dff0,0x0000000606a80000)
 Metaspace       used 75130K, committed 77312K, reserved 1179648K
  class space    used 7681K, committed 8576K, reserved 1048576K
GC Heap History (20 events):
Event: 1600.051 GC heap before
{Heap before GC invocations=763 (full 4):
 PSYoungGen      total 2560K, used 2304K [0x0000000755580000, 0x0000000755900000, 0x0000000800000000)
  eden space 2048K, 100% used [0x0000000755580000,0x0000000755780000,0x0000000755780000)
  from space 512K, 50% used [0x0000000755880000,0x00000007558c0000,0x0000000755900000)
  to   space 512K, 0% used [0x0000000755800000,0x0000000755800000,0x0000000755880000)
 ParOldGen       total 264192K, used 264087K [0x0000000600000000, 0x0000000610200000, 0x0000000755580000)
  object space 264192K, 99% used [0x0000000600000000,0x00000006101e5c28,0x0000000610200000)
 Metaspace       used 75089K, committed 76736K, reserved 1179648K
  class space    used 7750K, committed 8512K, reserved 1048576K
}
Event: 1600.054 GC heap after
{Heap after GC invocations=763 (full 4):
 PSYoungGen      total 2560K, used 512K [0x0000000755580000, 0x0000000755980000, 0x0000000800000000)
  eden space 2048K, 0% used [0x0000000755580000,0x0000000755580000,0x0000000755780000)
  from space 512K, 100% used [0x0000000755800000,0x0000000755880000,0x0000000755880000)
  to   space 1024K, 0% used [0x0000000755880000,0x0000000755880000,0x0000000755980000)
 ParOldGen       total 264192K, used 264191K [0x0000000600000000, 0x0000000610200000, 0x0000000755580000)
  object space 264192K, 99% used [0x0000000600000000,0x00000006101ffc28,0x0000000610200000)
 Metaspace       used 75089K, committed 76736K, reserved 1179648K
  class space    used 7750K, committed 8512K, reserved 1048576K
}
Event: 1600.621 GC heap before
{Heap before GC invocations=764 (full 4):
 PSYoungGen      total 2560K, used 2559K [0x0000000755580000, 0x0000000755980000, 0x0000000800000000)
  eden space 2048K, 99% used [0x0000000755580000,0x000000075577fff0,0x0000000755780000)
  from space 512K, 100% used [0x0000000755800000,0x0000000755880000,0x0000000755880000)
  to   space 1024K, 0% used [0x0000000755880000,0x0000000755880000,0x0000000755980000)
 ParOldGen       total 264192K, used 264191K [0x0000000600000000, 0x0000000610200000, 0x0000000755580000)
  object space 264192K, 99% used [0x0000000600000000,0x00000006101ffc28,0x0000000610200000)
 Metaspace       used 75145K, committed 76800K, reserved 1179648K
  class space    used 7758K, committed 8512K, reserved 1048576K
}
Event: 1600.625 GC heap after
{Heap after GC invocations=764 (full 4):
 PSYoungGen      total 2560K, used 288K [0x0000000755580000, 0x0000000755900000, 0x0000000800000000)
  eden space 2048K, 0% used [0x0000000755580000,0x0000000755580000,0x0000000755780000)
  from space 512K, 56% used [0x0000000755880000,0x00000007558c8000,0x0000000755900000)
  to   space 512K, 0% used [0x0000000755800000,0x0000000755800000,0x0000000755880000)
 ParOldGen       total 264704K, used 264703K [0x0000000600000000, 0x0000000610280000, 0x0000000755580000)
  object space 264704K, 99% used [0x0000000600000000,0x000000061027fc28,0x0000000610280000)
 Metaspace       used 75145K, committed 76800K, reserved 1179648K
  class space    used 7758K, committed 8512K, reserved 1048576K
}
Event: 1600.717 GC heap before
{Heap before GC invocations=765 (full 4):
 PSYoungGen      total 2560K, used 2336K [0x0000000755580000, 0x0000000755900000, 0x0000000800000000)
  eden space 2048K, 100% used [0x0000000755580000,0x0000000755780000,0x0000000755780000)
  from space 512K, 56% used [0x0000000755880000,0x00000007558c8000,0x0000000755900000)
  to   space 512K, 0% used [0x0000000755800000,0x0000000755800000,0x0000000755880000)
 ParOldGen       total 264704K, used 264703K [0x0000000600000000, 0x0000000610280000, 0x0000000755580000)
  object space 264704K, 99% used [0x0000000600000000,0x000000061027fc28,0x0000000610280000)
 Metaspace       used 75261K, committed 76928K, reserved 1179648K
  class space    used 7771K, committed 8512K, reserved 1048576K
}
Event: 1600.720 GC heap after
{Heap after GC invocations=765 (full 4):
 PSYoungGen      total 2560K, used 416K [0x0000000755580000, 0x0000000755900000, 0x0000000800000000)
  eden space 2048K, 0% used [0x0000000755580000,0x0000000755580000,0x0000000755780000)
  from space 512K, 81% used [0x0000000755800000,0x0000000755868000,0x0000000755880000)
  to   space 512K, 0% used [0x0000000755880000,0x0000000755880000,0x0000000755900000)
 ParOldGen       total 265216K, used 264823K [0x0000000600000000, 0x0000000610300000, 0x0000000755580000)
  object space 265216K, 99% used [0x0000000600000000,0x000000061029dc28,0x0000000610300000)
 Metaspace       used 75261K, committed 76928K, reserved 1179648K
  class space    used 7771K, committed 8512K, reserved 1048576K
}
Event: 1600.815 GC heap before
{Heap before GC invocations=766 (full 4):
 PSYoungGen      total 2560K, used 2456K [0x0000000755580000, 0x0000000755900000, 0x0000000800000000)
  eden space 2048K, 99% used [0x0000000755580000,0x000000075577e2c8,0x0000000755780000)
  from space 512K, 81% used [0x0000000755800000,0x0000000755868000,0x0000000755880000)
  to   space 512K, 0% used [0x0000000755880000,0x0000000755880000,0x0000000755900000)
 ParOldGen       total 265216K, used 264823K [0x0000000600000000, 0x0000000610300000, 0x0000000755580000)
  object space 265216K, 99% used [0x0000000600000000,0x000000061029dc28,0x0000000610300000)
 Metaspace       used 75392K, committed 77120K, reserved 1179648K
  class space    used 7789K, committed 8576K, reserved 1048576K
}
Event: 1600.819 GC heap after
{Heap after GC invocations=766 (full 4):
 PSYoungGen      total 2560K, used 452K [0x0000000755580000, 0x0000000755900000, 0x0000000800000000)
  eden space 2048K, 0% used [0x0000000755580000,0x0000000755580000,0x0000000755780000)
  from space 512K, 88% used [0x0000000755880000,0x00000007558f1060,0x0000000755900000)
  to   space 512K, 0% used [0x0000000755800000,0x0000000755800000,0x0000000755880000)
 ParOldGen       total 265216K, used 265136K [0x0000000600000000, 0x0000000610300000, 0x0000000755580000)
  object space 265216K, 99% used [0x0000000600000000,0x00000006102ec0f0,0x0000000610300000)
 Metaspace       used 75392K, committed 77120K, reserved 1179648K
  class space    used 7789K, committed 8576K, reserved 1048576K
}
Event: 1601.022 GC heap before
{Heap before GC invocations=767 (full 4):
 PSYoungGen      total 2560K, used 2470K [0x0000000755580000, 0x0000000755900000, 0x0000000800000000)
  eden space 2048K, 98% used [0x0000000755580000,0x0000000755778a30,0x0000000755780000)
  from space 512K, 88% used [0x0000000755880000,0x00000007558f1060,0x0000000755900000)
  to   space 512K, 0% used [0x0000000755800000,0x0000000755800000,0x0000000755880000)
 ParOldGen       total 265216K, used 265136K [0x0000000600000000, 0x0000000610300000, 0x0000000755580000)
  object space 265216K, 99% used [0x0000000600000000,0x00000006102ec0f0,0x0000000610300000)
 Metaspace       used 75614K, committed 77312K, reserved 1179648K
  class space    used 7802K, committed 8576K, reserved 1048576K
}
Event: 1601.026 GC heap after
{Heap after GC invocations=767 (full 4):
 PSYoungGen      total 2560K, used 333K [0x0000000755580000, 0x0000000755900000, 0x0000000800000000)
  eden space 2048K, 0% used [0x0000000755580000,0x0000000755580000,0x0000000755780000)
  from space 512K, 65% used [0x0000000755800000,0x0000000755853470,0x0000000755880000)
  to   space 512K, 0% used [0x0000000755880000,0x0000000755880000,0x0000000755900000)
 ParOldGen       total 265728K, used 265473K [0x0000000600000000, 0x0000000610380000, 0x0000000755580000)
  object space 265728K, 99% used [0x0000000600000000,0x00000006103407a8,0x0000000610380000)
 Metaspace       used 75614K, committed 77312K, reserved 1179648K
  class space    used 7802K, committed 8576K, reserved 1048576K
}
Event: 1603.963 GC heap before
{Heap before GC invocations=768 (full 4):
 PSYoungGen      total 2560K, used 2381K [0x0000000755580000, 0x0000000755900000, 0x0000000800000000)
  eden space 2048K, 99% used [0x0000000755580000,0x000000075577fff8,0x0000000755780000)
  from space 512K, 65% used [0x0000000755800000,0x0000000755853470,0x0000000755880000)
  to   space 512K, 0% used [0x0000000755880000,0x0000000755880000,0x0000000755900000)
 ParOldGen       total 265728K, used 265473K [0x0000000600000000, 0x0000000610380000, 0x0000000755580000)
  object space 265728K, 99% used [0x0000000600000000,0x00000006103407a8,0x0000000610380000)
 Metaspace       used 75615K, committed 77312K, reserved 1179648K
  class space    used 7802K, committed 8576K, reserved 1048576K
}
Event: 1603.965 GC heap after
{Heap after GC invocations=768 (full 4):
 PSYoungGen      total 2560K, used 160K [0x0000000755580000, 0x0000000755900000, 0x0000000800000000)
  eden space 2048K, 0% used [0x0000000755580000,0x0000000755580000,0x0000000755780000)
  from space 512K, 31% used [0x0000000755880000,0x00000007558a8000,0x0000000755900000)
  to   space 512K, 0% used [0x0000000755800000,0x0000000755800000,0x0000000755880000)
 ParOldGen       total 265728K, used 265631K [0x0000000600000000, 0x0000000610380000, 0x0000000755580000)
  object space 265728K, 99% used [0x0000000600000000,0x0000000610367c08,0x0000000610380000)
 Metaspace       used 75615K, committed 77312K, reserved 1179648K
  class space    used 7802K, committed 8576K, reserved 1048576K
}
Event: 1603.965 GC heap before
{Heap before GC invocations=769 (full 4):
 PSYoungGen      total 2560K, used 160K [0x0000000755580000, 0x0000000755900000, 0x0000000800000000)
  eden space 2048K, 0% used [0x0000000755580000,0x0000000755580000,0x0000000755780000)
  from space 512K, 31% used [0x0000000755880000,0x00000007558a8000,0x0000000755900000)
  to   space 512K, 0% used [0x0000000755800000,0x0000000755800000,0x0000000755880000)
 ParOldGen       total 265728K, used 265631K [0x0000000600000000, 0x0000000610380000, 0x0000000755580000)
  object space 265728K, 99% used [0x0000000600000000,0x0000000610367c08,0x0000000610380000)
 Metaspace       used 75615K, committed 77312K, reserved 1179648K
  class space    used 7802K, committed 8576K, reserved 1048576K
}
Event: 1603.968 GC heap after
{Heap after GC invocations=769 (full 4):
 PSYoungGen      total 3072K, used 0K [0x0000000755580000, 0x0000000755900000, 0x0000000800000000)
  eden space 2560K, 0% used [0x0000000755580000,0x0000000755580000,0x0000000755800000)
  from space 512K, 0% used [0x0000000755800000,0x0000000755800000,0x0000000755880000)
  to   space 512K, 0% used [0x0000000755880000,0x0000000755880000,0x0000000755900000)
 ParOldGen       total 265728K, used 265687K [0x0000000600000000, 0x0000000610380000, 0x0000000755580000)
  object space 265728K, 99% used [0x0000000600000000,0x0000000610375c08,0x0000000610380000)
 Metaspace       used 75615K, committed 77312K, reserved 1179648K
  class space    used 7802K, committed 8576K, reserved 1048576K
}
Event: 1603.968 GC heap before
{Heap before GC invocations=770 (full 5):
 PSYoungGen      total 3072K, used 0K [0x0000000755580000, 0x0000000755900000, 0x0000000800000000)
  eden space 2560K, 0% used [0x0000000755580000,0x0000000755580000,0x0000000755800000)
  from space 512K, 0% used [0x0000000755800000,0x0000000755800000,0x0000000755880000)
  to   space 512K, 0% used [0x0000000755880000,0x0000000755880000,0x0000000755900000)
 ParOldGen       total 265728K, used 265687K [0x0000000600000000, 0x0000000610380000, 0x0000000755580000)
  object space 265728K, 99% used [0x0000000600000000,0x0000000610375c08,0x0000000610380000)
 Metaspace       used 75615K, committed 77312K, reserved 1179648K
  class space    used 7802K, committed 8576K, reserved 1048576K
}
Event: 1604.495 GC heap after
{Heap after GC invocations=770 (full 5):
 PSYoungGen      total 3072K, used 0K [0x0000000755580000, 0x0000000755980000, 0x0000000800000000)
  eden space 2560K, 0% used [0x0000000755580000,0x0000000755580000,0x0000000755800000)
  from space 512K, 0% used [0x0000000755880000,0x0000000755880000,0x0000000755900000)
  to   space 512K, 0% used [0x0000000755800000,0x0000000755800000,0x0000000755880000)
 ParOldGen       total 112128K, used 85548K [0x0000000600000000, 0x0000000606d80000, 0x0000000755580000)
  object space 112128K, 76% used [0x0000000600000000,0x000000060538b2f8,0x0000000606d80000)
 Metaspace       used 75615K, committed 77312K, reserved 1179648K
  class space    used 7802K, committed 8576K, reserved 1048576K
}
Event: 1606.496 GC heap before
{Heap before GC invocations=771 (full 5):
 PSYoungGen      total 3072K, used 0K [0x0000000755580000, 0x0000000755980000, 0x0000000800000000)
  eden space 2560K, 0% used [0x0000000755580000,0x0000000755580000,0x0000000755800000)
  from space 512K, 0% used [0x0000000755880000,0x0000000755880000,0x0000000755900000)
  to   space 512K, 0% used [0x0000000755800000,0x0000000755800000,0x0000000755880000)
 ParOldGen       total 112128K, used 85548K [0x0000000600000000, 0x0000000606d80000, 0x0000000755580000)
  object space 112128K, 76% used [0x0000000600000000,0x000000060538b2f8,0x0000000606d80000)
 Metaspace       used 75615K, committed 77312K, reserved 1179648K
  class space    used 7802K, committed 8576K, reserved 1048576K
}
Event: 1606.497 GC heap after
{Heap after GC invocations=771 (full 5):
 PSYoungGen      total 3072K, used 0K [0x0000000755580000, 0x0000000755900000, 0x0000000800000000)
  eden space 2560K, 0% used [0x0000000755580000,0x0000000755580000,0x0000000755800000)
  from space 512K, 0% used [0x0000000755800000,0x0000000755800000,0x0000000755880000)
  to   space 512K, 0% used [0x0000000755880000,0x0000000755880000,0x0000000755900000)
 ParOldGen       total 112128K, used 85548K [0x0000000600000000, 0x0000000606d80000, 0x0000000755580000)
  object space 112128K, 76% used [0x0000000600000000,0x000000060538b2f8,0x0000000606d80000)
 Metaspace       used 75615K, committed 77312K, reserved 1179648K
  class space    used 7802K, committed 8576K, reserved 1048576K
}
Event: 1606.497 GC heap before
{Heap before GC invocations=772 (full 6):
 PSYoungGen      total 3072K, used 0K [0x0000000755580000, 0x0000000755900000, 0x0000000800000000)
  eden space 2560K, 0% used [0x0000000755580000,0x0000000755580000,0x0000000755800000)
  from space 512K, 0% used [0x0000000755800000,0x0000000755800000,0x0000000755880000)
  to   space 512K, 0% used [0x0000000755880000,0x0000000755880000,0x0000000755900000)
 ParOldGen       total 112128K, used 85548K [0x0000000600000000, 0x0000000606d80000, 0x0000000755580000)
  object space 112128K, 76% used [0x0000000600000000,0x000000060538b2f8,0x0000000606d80000)
 Metaspace       used 75615K, committed 77312K, reserved 1179648K
  class space    used 7802K, committed 8576K, reserved 1048576K
}
Event: 1606.754 GC heap after
{Heap after GC invocations=772 (full 6):
 PSYoungGen      total 3072K, used 0K [0x0000000755580000, 0x0000000755980000, 0x0000000800000000)
  eden space 2560K, 0% used [0x0000000755580000,0x0000000755580000,0x0000000755800000)
  from space 512K, 0% used [0x0000000755880000,0x0000000755880000,0x0000000755900000)
  to   space 512K, 0% used [0x0000000755800000,0x0000000755800000,0x0000000755880000)
 ParOldGen       total 109056K, used 76407K [0x0000000600000000, 0x0000000606a80000, 0x0000000755580000)
  object space 109056K, 70% used [0x0000000600000000,0x0000000604a9dff0,0x0000000606a80000)
 Metaspace       used 75130K, committed 77312K, reserved 1179648K
  class space    used 7681K, committed 8576K, reserved 1048576K
}

